0 info it worked if it ends with ok
1 verbose cli [ '/usr/local/Cellar/node/0.8.18/bin/node',
1 verbose cli   '/usr/local/bin/npm',
1 verbose cli   'install',
1 verbose cli   'travis-lint' ]
2 info using npm@1.2.2
3 info using node@v0.8.18
4 verbose read json /Users/jakerose27/PycharmProjects/hgrid/package.json
5 verbose read json /Users/jakerose27/PycharmProjects/hgrid/node_modules/grunt/package.json
6 verbose read json /Users/jakerose27/PycharmProjects/hgrid/node_modules/grunt-contrib-copy/package.json
7 verbose read json /Users/jakerose27/PycharmProjects/hgrid/node_modules/grunt-contrib-jshint/package.json
8 verbose read json /Users/jakerose27/PycharmProjects/hgrid/node_modules/grunt-contrib-nodeunit/package.json
9 verbose read json /Users/jakerose27/PycharmProjects/hgrid/node_modules/grunt-contrib-qunit/package.json
10 verbose read json /Users/jakerose27/PycharmProjects/hgrid/node_modules/grunt-contrib-uglify/package.json
11 verbose read json /Users/jakerose27/PycharmProjects/hgrid/node_modules/grunt-contrib-watch/package.json
12 verbose read json /Users/jakerose27/PycharmProjects/hgrid/node_modules/grunt-contrib-yuidoc/package.json
13 verbose from cache /Users/jakerose27/PycharmProjects/hgrid/package.json
14 verbose readDependencies using package.json deps
15 verbose cache add [ 'travis-lint', null ]
16 verbose cache add name=undefined spec="travis-lint" args=["travis-lint",null]
17 verbose parsed url { pathname: 'travis-lint',
17 verbose parsed url   path: 'travis-lint',
17 verbose parsed url   href: 'travis-lint' }
18 silly lockFile b2a2bf65-travis-lint travis-lint
19 verbose lock travis-lint /Users/jakerose27/.npm/b2a2bf65-travis-lint.lock
20 silly lockFile b2a2bf65-travis-lint travis-lint
21 verbose addNamed [ 'travis-lint', '' ]
22 verbose addNamed [ null, '' ]
23 silly lockFile 30b3462d-travis-lint travis-lint@
24 verbose lock travis-lint@ /Users/jakerose27/.npm/30b3462d-travis-lint.lock
25 silly addNameRange { name: 'travis-lint', range: '', hasData: false }
26 verbose url raw travis-lint
27 verbose url resolving [ 'https://registry.npmjs.org/', './travis-lint' ]
28 verbose url resolved https://registry.npmjs.org/travis-lint
29 info trying registry request attempt 1 at 13:36:08
30 http GET https://registry.npmjs.org/travis-lint
31 http 404 https://registry.npmjs.org/travis-lint
32 silly registry.get cb [ 404,
32 silly registry.get   { server: 'CouchDB/1.3.1 (Erlang OTP/R15B03)',
32 silly registry.get     date: 'Thu, 14 Nov 2013 18:36:10 GMT',
32 silly registry.get     'content-type': 'application/json',
32 silly registry.get     'content-length': '52',
32 silly registry.get     'cache-control': 'must-revalidate' } ]
33 silly lockFile 30b3462d-travis-lint travis-lint@
34 error 404 'travis-lint' is not in the npm registry.
34 error 404 You should bug the author to publish it
34 error 404
34 error 404 Note that you can also install from a
34 error 404 tarball, folder, or http url, or git url.
35 error System Darwin 13.0.0
36 error command "/usr/local/Cellar/node/0.8.18/bin/node" "/usr/local/bin/npm" "install" "travis-lint"
37 error cwd /Users/jakerose27/PycharmProjects/hgrid
38 error node -v v0.8.18
39 error npm -v 1.2.2
40 error code E404
41 verbose exit [ 1, true ]
